<?xml version="1.0" encoding="UTF-8"?>
<testng-results skipped="0" failed="0" ignored="0" total="3" passed="3">
  <reporter-output>
  </reporter-output>
  <suite name="Selenium WikiPedia Test Automation" duration-ms="27364" started-at="2019-09-14T15:25:44Z" finished-at="2019-09-14T15:26:11Z">
    <groups>
    </groups>
    <test name="Free CRM Test Cases" duration-ms="27364" started-at="2019-09-14T15:25:44Z" finished-at="2019-09-14T15:26:11Z">
      <class name="com.selenium.qa.test.OxygenWikiPageTest">
        <test-method status="PASS" signature="setUp()[pri:0, instance:com.selenium.qa.test.OxygenWikiPageTest@18be83e4]" name="setUp" is-config="true" duration-ms="14045" started-at="2019-09-14T15:25:44Z" finished-at="2019-09-14T15:25:58Z">
          <reporter-output>
          </reporter-output>
        </test-method> <!-- setUp -->
        <test-method status="PASS" signature="setUp()[pri:0, instance:com.selenium.qa.test.SeleniumWikiPageTest@8bd1b6a]" name="setUp" is-config="true" duration-ms="7599" started-at="2019-09-14T15:25:58Z" finished-at="2019-09-14T15:26:06Z">
          <reporter-output>
          </reporter-output>
        </test-method> <!-- setUp -->
        <test-method status="PASS" signature="TakeElementSSTest()[pri:1, instance:com.selenium.qa.test.OxygenWikiPageTest@18be83e4]" name="TakeElementSSTest" duration-ms="1435" started-at="2019-09-14T15:26:08Z" finished-at="2019-09-14T15:26:10Z">
          <reporter-output>
          </reporter-output>
        </test-method> <!-- TakeElementSSTest -->
        <test-method status="PASS" signature="tearDown()[pri:0, instance:com.selenium.qa.test.OxygenWikiPageTest@18be83e4]" name="tearDown" is-config="true" duration-ms="1429" started-at="2019-09-14T15:26:10Z" finished-at="2019-09-14T15:26:11Z">
          <reporter-output>
          </reporter-output>
        </test-method> <!-- tearDown -->
        <test-method status="PASS" signature="tearDown()[pri:0, instance:com.selenium.qa.test.SeleniumWikiPageTest@8bd1b6a]" name="tearDown" is-config="true" duration-ms="0" started-at="2019-09-14T15:26:11Z" finished-at="2019-09-14T15:26:11Z">
          <reporter-output>
          </reporter-output>
        </test-method> <!-- tearDown -->
      </class> <!-- com.selenium.qa.test.OxygenWikiPageTest -->
      <class name="com.selenium.qa.test.SeleniumWikiPageTest">
        <test-method status="PASS" signature="navigaeToOxygenPageTest()[pri:1, instance:com.selenium.qa.test.SeleniumWikiPageTest@8bd1b6a]" name="navigaeToOxygenPageTest" duration-ms="2796" started-at="2019-09-14T15:26:06Z" finished-at="2019-09-14T15:26:08Z">
          <reporter-output>
          </reporter-output>
        </test-method> <!-- navigaeToOxygenPageTest -->
        <test-method status="PASS" signature="verifyExternalLinksTest()[pri:3, instance:com.selenium.qa.test.SeleniumWikiPageTest@8bd1b6a]" name="verifyExternalLinksTest" duration-ms="5" started-at="2019-09-14T15:26:10Z" finished-at="2019-09-14T15:26:10Z">
          <reporter-output>
          </reporter-output>
        </test-method> <!-- verifyExternalLinksTest -->
      </class> <!-- com.selenium.qa.test.SeleniumWikiPageTest -->
    </test> <!-- Free CRM Test Cases -->
  </suite> <!-- Selenium WikiPedia Test Automation -->
</testng-results>
