<?xml version="1.0" encoding="UTF-8"?>
<!-- Generated by org.testng.reporters.JUnitXMLReporter -->
<testsuite hostname="user" ignored="0" name="Free CRM Test Cases" tests="3" failures="0" timestamp="14 Sep 2019 15:26:12 GMT" time="27.364" errors="0">
  <testcase name="navigaeToOxygenPageTest" time="2.796" classname="com.selenium.qa.test.SeleniumWikiPageTest"/>
  <testcase name="TakeElementSSTest" time="1.435" classname="com.selenium.qa.test.OxygenWikiPageTest"/>
  <testcase name="verifyExternalLinksTest" time="0.005" classname="com.selenium.qa.test.SeleniumWikiPageTest"/>
</testsuite> <!-- Free CRM Test Cases -->
